d:\cppproject\mfcapplication\mfcapplication\debug\mfcapplication.pch
d:\cppproject\mfcapplication\mfcapplication\debug\vc120.pdb
d:\cppproject\mfcapplication\mfcapplication\debug\vc120.idb
d:\cppproject\mfcapplication\mfcapplication\debug\stdafx.obj
d:\cppproject\mfcapplication\mfcapplication\debug\dlgpersoninfo.obj
d:\cppproject\mfcapplication\mfcapplication\debug\mfcapplication.obj
d:\cppproject\mfcapplication\mfcapplication\debug\mfcapplicationdlg.obj
d:\cppproject\mfcapplication\mfcapplication\debug\commonsetting.obj
d:\cppproject\mfcapplication\mfcapplication\debug\mfcapplication.res
d:\cppproject\mfcapplication\mfcapplication\debug\msado15.tli
d:\cppproject\mfcapplication\mfcapplication\debug\msadox.tli
d:\cppproject\mfcapplication\mfcapplication\debug\msado15.tlh
d:\cppproject\mfcapplication\mfcapplication\debug\msadox.tlh
d:\cppproject\mfcapplication\debug\mfcapplication.pdb
d:\cppproject\mfcapplication\mfcapplication\debug\mfcapplication.tlog\cl.command.1.tlog
d:\cppproject\mfcapplication\mfcapplication\debug\mfcapplication.tlog\cl.read.1.tlog
d:\cppproject\mfcapplication\mfcapplication\debug\mfcapplication.tlog\cl.write.1.tlog
d:\cppproject\mfcapplication\mfcapplication\debug\mfcapplication.tlog\link-cvtres.read.1.tlog
d:\cppproject\mfcapplication\mfcapplication\debug\mfcapplication.tlog\link-cvtres.write.1.tlog
d:\cppproject\mfcapplication\mfcapplication\debug\mfcapplication.tlog\link-mt.read.1.tlog
d:\cppproject\mfcapplication\mfcapplication\debug\mfcapplication.tlog\link-mt.write.1.tlog
d:\cppproject\mfcapplication\mfcapplication\debug\mfcapplication.tlog\link-rc.read.1.tlog
d:\cppproject\mfcapplication\mfcapplication\debug\mfcapplication.tlog\link-rc.write.1.tlog
d:\cppproject\mfcapplication\mfcapplication\debug\mfcapplication.tlog\link.12668-cvtres.read.1.tlog
d:\cppproject\mfcapplication\mfcapplication\debug\mfcapplication.tlog\link.12668-cvtres.write.1.tlog
d:\cppproject\mfcapplication\mfcapplication\debug\mfcapplication.tlog\link.12668-mt.read.1.tlog
d:\cppproject\mfcapplication\mfcapplication\debug\mfcapplication.tlog\link.12668-mt.write.1.tlog
d:\cppproject\mfcapplication\mfcapplication\debug\mfcapplication.tlog\link.12668-rc.read.1.tlog
d:\cppproject\mfcapplication\mfcapplication\debug\mfcapplication.tlog\link.12668-rc.write.1.tlog
d:\cppproject\mfcapplication\mfcapplication\debug\mfcapplication.tlog\link.12668.read.1.tlog
d:\cppproject\mfcapplication\mfcapplication\debug\mfcapplication.tlog\link.12668.write.1.tlog
d:\cppproject\mfcapplication\mfcapplication\debug\mfcapplication.tlog\link.command.1.tlog
d:\cppproject\mfcapplication\mfcapplication\debug\mfcapplication.tlog\link.read.1.tlog
d:\cppproject\mfcapplication\mfcapplication\debug\mfcapplication.tlog\link.write.1.tlog
d:\cppproject\mfcapplication\mfcapplication\debug\mfcapplication.tlog\rc.command.1.tlog
d:\cppproject\mfcapplication\mfcapplication\debug\mfcapplication.tlog\rc.read.1.tlog
d:\cppproject\mfcapplication\mfcapplication\debug\mfcapplication.tlog\rc.write.1.tlog
