生成启动时间为 2018/10/28 15:44:09。
     1>项目“D:\CppProject\MFCApplication\MFCApplication\MFCApplication.vcxproj”在节点 2 上(Build 个目标)。
     1>ClCompile:
         D:\Program Files (x86)\Microsoft Visual Studio 12.0\VC\bin\CL.exe /c /ZI /nologo /W3 /WX- /sdl /Od /Oy- /D WIN32 /D _WINDOWS /D _DEBUG /D _UNICODE /D UNICODE /D _AFXDLL /Gm /EHsc /RTC1 /MDd /GS /fp:precise /Zc:wchar_t /Zc:forScope /Yu"stdafx.h" /Fp"Debug\MFCApplication.pch" /Fo"Debug\\" /Fd"Debug\vc120.pdb" /Gd /TP /analyze- /errorReport:prompt DlgPersonInfo.cpp MFCApplicationDlg.cpp
         MFCApplicationDlg.cpp
         DlgPersonInfo.cpp
     1>d:\cppproject\mfcapplication\mfcapplication\dlgpersoninfo.cpp(348): warning C4101: “bmp”: 未引用的局部变量
         正在生成代码...
       ResourceCompile:
         C:\Program Files (x86)\Windows Kits\8.1\bin\x86\rc.exe /D _DEBUG /D _UNICODE /D UNICODE /D _AFXDLL /l"0x0804" /IDebug\ /nologo /fo"Debug\MFCApplication.res" MFCApplication.rc 
       Link:
         D:\Program Files (x86)\Microsoft Visual Studio 12.0\VC\bin\link.exe /ERRORREPORT:PROMPT /OUT:"D:\CppProject\MFCApplication\Debug\MFCApplication.exe" /INCREMENTAL /NOLOGO /MANIFEST /MANIFESTUAC:"level='asInvoker' uiAccess='false'" /manifest:embed /manifestinput:"D:\Program Files (x86)\Microsoft Visual Studio 12.0\VC\Include\Manifest\dpiaware.manifest" /DEBUG /PDB:"D:\CppProject\MFCApplication\Debug\MFCApplication.pdb" /SUBSYSTEM:WINDOWS /TLBID:1 /ENTRY:"wWinMainCRTStartup" /DYNAMICBASE /NXCOMPAT /IMPLIB:"D:\CppProject\MFCApplication\Debug\MFCApplication.lib" /MACHINE:X86 Debug\MFCApplication.res
         Debug\DlgPersonInfo.obj
         Debug\MFCApplication.obj
         Debug\MFCApplicationDlg.obj
         Debug\stdafx.obj
         MFCApplication.vcxproj -> D:\CppProject\MFCApplication\Debug\MFCApplication.exe
     1>已完成生成项目“D:\CppProject\MFCApplication\MFCApplication\MFCApplication.vcxproj”(Build 个目标)的操作。

生成成功。

已用时间 00:00:00.72
